-- Found ament_cmake: 1.3.5 (/opt/ros/humble/share/ament_cmake/cmake)
-- Found rclcpp: 16.0.5 (/opt/ros/humble/share/rclcpp/cmake)
-- Found rosidl_generator_c: 3.1.5 (/opt/ros/humble/share/rosidl_generator_c/cmake)
-- Found rosidl_adapter: 3.1.5 (/opt/ros/humble/share/rosidl_adapter/cmake)
-- Found rosidl_generator_cpp: 3.1.5 (/opt/ros/humble/share/rosidl_generator_cpp/cmake)
-- Using all available rosidl_typesupport_c: rosidl_typesupport_fastrtps_c;rosidl_typesupport_introspection_c
-- Using all available rosidl_typesupport_cpp: rosidl_typesupport_fastrtps_cpp;rosidl_typesupport_introspection_cpp
-- Found rmw_implementation_cmake: 6.1.1 (/opt/ros/humble/share/rmw_implementation_cmake/cmake)
-- Found rmw_fastrtps_cpp: 6.2.3 (/opt/ros/humble/share/rmw_fastrtps_cpp/cmake)
-- Using RMW implementation 'rmw_fastrtps_cpp' as default
-- Found ament_lint_auto: 0.12.7 (/opt/ros/humble/share/ament_lint_auto/cmake)
-- Added test 'cppcheck' to perform static code analysis on C / C++ code
-- Configured cppcheck include dirs: 
-- Configured cppcheck exclude dirs and/or files: 
-- Added test 'lint_cmake' to check CMake code style
-- Added test 'uncrustify' to check C / C++ code style
-- Configured uncrustify additional arguments: 
-- Added test 'xmllint' to check XML markup files
-- Configuring done
-- Generating done
-- Build files have been written to: /home/farhan/arduinobot_ws/build/arduinobot_cpp_examples
[ 50%] [32mBuilding CXX object CMakeFiles/simple_publisher.dir/src/simple_publisher.cpp.o[0m
In file included from [01m[K/opt/ros/humble/include/rclcpp/rclcpp/client.hpp:40[m[K,
                 from [01m[K/opt/ros/humble/include/rclcpp/rclcpp/callback_group.hpp:24[m[K,
                 from [01m[K/opt/ros/humble/include/rclcpp/rclcpp/any_executable.hpp:20[m[K,
                 from [01m[K/opt/ros/humble/include/rclcpp/rclcpp/memory_strategy.hpp:25[m[K,
                 from [01m[K/opt/ros/humble/include/rclcpp/rclcpp/memory_strategies.hpp:18[m[K,
                 from [01m[K/opt/ros/humble/include/rclcpp/rclcpp/executor_options.hpp:20[m[K,
                 from [01m[K/opt/ros/humble/include/rclcpp/rclcpp/executor.hpp:37[m[K,
                 from [01m[K/opt/ros/humble/include/rclcpp/rclcpp/executors/multi_threaded_executor.hpp:25[m[K,
                 from [01m[K/opt/ros/humble/include/rclcpp/rclcpp/executors.hpp:21[m[K,
                 from [01m[K/opt/ros/humble/include/rclcpp/rclcpp/rclcpp.hpp:155[m[K,
                 from [01m[K/home/farhan/arduinobot_ws/src/arduinobot_cpp_examples/src/simple_publisher.cpp:1[m[K:
[01m[K/home/farhan/arduinobot_ws/src/arduinobot_cpp_examples/src/simple_publisher.cpp:[m[K In constructor â€˜[01m[KSimplePublisher::SimplePublisher()[m[Kâ€™:
[01m[K/home/farhan/arduinobot_ws/src/arduinobot_cpp_examples/src/simple_publisher.cpp:15:25:[m[K [01;31m[Kerror: [m[Kâ€˜[01m[Kget_logge[m[Kâ€™ was not declared in this scope; did you mean â€˜[01m[Kget_logger[m[Kâ€™?
   15 |             RCLCPP_INFO([01;31m[Kget_logge[m[K(), "Publishing at 1 Hz");
      |                         [01;31m[K^~~~~~~~~[m[K
[01m[K/home/farhan/arduinobot_ws/src/arduinobot_cpp_examples/src/simple_publisher.cpp:15:13:[m[K [01;31m[Kerror: [m[Ktemplate argument 1 is invalid
   15 |             [01;31m[KRCLCPP_INFO[m[K(get_logge(), "Publishing at 1 Hz");
      |             [01;31m[K^~~~~~~~~~~[m[K
[01m[K/home/farhan/arduinobot_ws/src/arduinobot_cpp_examples/src/simple_publisher.cpp:15:13:[m[K [01;31m[Kerror: [m[Kâ€˜[01m[K<declaration error>[m[Kâ€™ is not a template [[01;31m[K]8;;https://gcc.gnu.org/onlinedocs/gcc/Warning-Options.html#index-fpermissive-fpermissive]8;;[m[K]
   15 |             [01;31m[KRCLCPP_INFO[m[K(get_logge(), "Publishing at 1 Hz");
      |             [01;31m[K^~~~~~~~~~~[m[K
[01m[K/home/farhan/arduinobot_ws/src/arduinobot_cpp_examples/src/simple_publisher.cpp:15:13:[m[K [01;31m[Kerror: [m[Ktemplate argument 1 is invalid
   15 |             [01;31m[KRCLCPP_INFO[m[K(get_logge(), "Publishing at 1 Hz");
      |             [01;31m[K^~~~~~~~~~~[m[K
[01m[K/home/farhan/arduinobot_ws/src/arduinobot_cpp_examples/src/simple_publisher.cpp:15:13:[m[K [01;31m[Kerror: [m[Kâ€˜[01m[K<declaration error>[m[Kâ€™ is not a template [[01;31m[K]8;;https://gcc.gnu.org/onlinedocs/gcc/Warning-Options.html#index-fpermissive-fpermissive]8;;[m[K]
   15 |             [01;31m[KRCLCPP_INFO[m[K(get_logge(), "Publishing at 1 Hz");
      |             [01;31m[K^~~~~~~~~~~[m[K
[01m[K/home/farhan/arduinobot_ws/src/arduinobot_cpp_examples/src/simple_publisher.cpp:15:13:[m[K [01;31m[Kerror: [m[Ktemplate argument 1 is invalid
   15 |             [01;31m[KRCLCPP_INFO[m[K(get_logge(), "Publishing at 1 Hz");
      |             [01;31m[K^~~~~~~~~~~[m[K
[01m[K/home/farhan/arduinobot_ws/src/arduinobot_cpp_examples/src/simple_publisher.cpp:[m[K In member function â€˜[01m[Kvoid SimplePublisher::timerCallback()[m[Kâ€™:
[01m[K/home/farhan/arduinobot_ws/src/arduinobot_cpp_examples/src/simple_publisher.cpp:21:13:[m[K [01;31m[Kerror: [m[Kâ€˜[01m[Kpub[m[Kâ€™ was not declared in this scope; did you mean â€˜[01m[Kpub_[m[Kâ€™?
   21 |             [01;31m[Kpub[m[K->publish(message);
      |             [01;31m[K^~~[m[K
      |             [32m[Kpub_[m[K
gmake[2]: *** [CMakeFiles/simple_publisher.dir/build.make:76: CMakeFiles/simple_publisher.dir/src/simple_publisher.cpp.o] Error 1
gmake[1]: *** [CMakeFiles/Makefile2:137: CMakeFiles/simple_publisher.dir/all] Error 2
gmake: *** [Makefile:146: all] Error 2
