-- Found ament_cmake: 1.3.5 (/opt/ros/humble/share/ament_cmake/cmake)
-- Found rclcpp: 16.0.5 (/opt/ros/humble/share/rclcpp/cmake)
-- Found rosidl_generator_c: 3.1.5 (/opt/ros/humble/share/rosidl_generator_c/cmake)
-- Found rosidl_adapter: 3.1.5 (/opt/ros/humble/share/rosidl_adapter/cmake)
-- Found rosidl_generator_cpp: 3.1.5 (/opt/ros/humble/share/rosidl_generator_cpp/cmake)
-- Using all available rosidl_typesupport_c: rosidl_typesupport_fastrtps_c;rosidl_typesupport_introspection_c
-- Using all available rosidl_typesupport_cpp: rosidl_typesupport_fastrtps_cpp;rosidl_typesupport_introspection_cpp
-- Found rmw_implementation_cmake: 6.1.1 (/opt/ros/humble/share/rmw_implementation_cmake/cmake)
-- Found rmw_fastrtps_cpp: 6.2.3 (/opt/ros/humble/share/rmw_fastrtps_cpp/cmake)
-- Using RMW implementation 'rmw_fastrtps_cpp' as default
-- Found ament_lint_auto: 0.12.7 (/opt/ros/humble/share/ament_lint_auto/cmake)
-- Added test 'cppcheck' to perform static code analysis on C / C++ code
-- Configured cppcheck include dirs: 
-- Configured cppcheck exclude dirs and/or files: 
-- Added test 'lint_cmake' to check CMake code style
-- Added test 'uncrustify' to check C / C++ code style
-- Configured uncrustify additional arguments: 
-- Added test 'xmllint' to check XML markup files
-- Configuring done
-- Generating done
-- Build files have been written to: /home/farhan/arduinobot_ws/build/arduinobot_cpp_examples
[35m[1mConsolidate compiler generated dependencies of target simple_publisher[0m
[35m[1mConsolidate compiler generated dependencies of target simple_subscriber[0m
[ 16%] [32mBuilding CXX object CMakeFiles/simple_parameter.dir/src/simple_parameter.cpp.o[0m
[ 50%] Built target simple_publisher
[ 83%] Built target simple_subscriber
[01m[K/home/farhan/arduinobot_ws/src/arduinobot_cpp_examples/src/simple_parameter.cpp:6:28:[m[K [01;31m[Kerror: [m[Kexpected â€˜[01m[K;[m[Kâ€™ before â€˜[01m[Kclass[m[Kâ€™
    6 | using std::placeholders::_1
      |                            [01;31m[K^[m[K
      |                            [32m[K;[m[K
    7 | 
    8 | [32m[Kclass[m[K SimpleParameter : public rclcpp::Node
      | [32m[K~~~~~[m[K                       
In file included from [01m[K/opt/ros/humble/include/rclcpp/rclcpp/client.hpp:40[m[K,
                 from [01m[K/opt/ros/humble/include/rclcpp/rclcpp/callback_group.hpp:24[m[K,
                 from [01m[K/opt/ros/humble/include/rclcpp/rclcpp/any_executable.hpp:20[m[K,
                 from [01m[K/opt/ros/humble/include/rclcpp/rclcpp/memory_strategy.hpp:25[m[K,
                 from [01m[K/opt/ros/humble/include/rclcpp/rclcpp/memory_strategies.hpp:18[m[K,
                 from [01m[K/opt/ros/humble/include/rclcpp/rclcpp/executor_options.hpp:20[m[K,
                 from [01m[K/opt/ros/humble/include/rclcpp/rclcpp/executor.hpp:37[m[K,
                 from [01m[K/opt/ros/humble/include/rclcpp/rclcpp/executors/multi_threaded_executor.hpp:25[m[K,
                 from [01m[K/opt/ros/humble/include/rclcpp/rclcpp/executors.hpp:21[m[K,
                 from [01m[K/opt/ros/humble/include/rclcpp/rclcpp/rclcpp.hpp:155[m[K,
                 from [01m[K/home/farhan/arduinobot_ws/src/arduinobot_cpp_examples/src/simple_parameter.cpp:1[m[K:
[01m[K/home/farhan/arduinobot_ws/src/arduinobot_cpp_examples/src/simple_parameter.cpp:[m[K In member function â€˜[01m[Krcl_interfaces::msg::SetParametersResult SimpleParameter::paramChangeCallback(const std::vector<rclcpp::Parameter>&)[m[Kâ€™:
[01m[K/home/farhan/arduinobot_ws/src/arduinobot_cpp_examples/src/simple_parameter.cpp:29:104:[m[K [01;31m[Kerror: [m[Kâ€˜[01m[Kparam_as_int[m[Kâ€™ was not declared in this scope
   29 |                     RCLCPP_INFO_STREAM(get_logger(), "Param simple_int_param changed! New value is "<< [01;31m[Kparam_as_int[m[K());
      |                                                                                                        [01;31m[K^~~~~~~~~~~~[m[K
[01m[K/home/farhan/arduinobot_ws/src/arduinobot_cpp_examples/src/simple_parameter.cpp:34:106:[m[K [01;31m[Kerror: [m[Kâ€˜[01m[Kparam_as_string[m[Kâ€™ was not declared in this scope
   34 |                     RCLCPP_INFO_STREAM(get_logger(), "Param simple_string_param changed! New value is "<<[01;31m[Kparam_as_string[m[K());
      |                                                                                                          [01;31m[K^~~~~~~~~~~~~~~[m[K
[01m[K/home/farhan/arduinobot_ws/src/arduinobot_cpp_examples/src/simple_parameter.cpp:[m[K In function â€˜[01m[Kint main(int, char**)[m[Kâ€™:
[01m[K/home/farhan/arduinobot_ws/src/arduinobot_cpp_examples/src/simple_parameter.cpp:46:34:[m[K [01;31m[Kerror: [m[Kâ€˜[01m[KSimpleParameters[m[Kâ€™ was not declared in this scope; did you mean â€˜[01m[KSimpleParameter[m[Kâ€™?
   46 |     auto node = std::make_shared<[01;31m[KSimpleParameters[m[K>();
      |                                  [01;31m[K^~~~~~~~~~~~~~~~[m[K
      |                                  [32m[KSimpleParameter[m[K
[01m[K/home/farhan/arduinobot_ws/src/arduinobot_cpp_examples/src/simple_parameter.cpp:46:51:[m[K [01;31m[Kerror: [m[Kno matching function for call to â€˜[01m[Kmake_shared<<expression error> >()[m[Kâ€™
   46 |     auto node = [01;31m[Kstd::make_shared<SimpleParameters>()[m[K;
      |                 [01;31m[K~~~~~~~~~~~~~~~~~~~~~~~~~~~~~~~~~~^~[m[K
In file included from [01m[K/usr/include/c++/11/memory:77[m[K,
                 from [01m[K/opt/ros/humble/include/rclcpp/rclcpp/rclcpp.hpp:153[m[K,
                 from [01m[K/home/farhan/arduinobot_ws/src/arduinobot_cpp_examples/src/simple_parameter.cpp:1[m[K:
[01m[K/usr/include/c++/11/bits/shared_ptr.h:875:5:[m[K [01;36m[Knote: [m[Kcandidate: â€˜[01m[Ktemplate<class _Tp, class ... _Args> std::shared_ptr<_Tp> std::make_shared(_Args&& ...)[m[Kâ€™
  875 |     [01;36m[Kmake_shared[m[K(_Args&&... __args)
      |     [01;36m[K^~~~~~~~~~~[m[K
[01m[K/usr/include/c++/11/bits/shared_ptr.h:875:5:[m[K [01;36m[Knote: [m[K  template argument deduction/substitution failed:
[01m[K/home/farhan/arduinobot_ws/src/arduinobot_cpp_examples/src/simple_parameter.cpp:46:51:[m[K [01;31m[Kerror: [m[Ktemplate argument 1 is invalid
   46 |     auto node = [01;31m[Kstd::make_shared<SimpleParameters>()[m[K;
      |                 [01;31m[K~~~~~~~~~~~~~~~~~~~~~~~~~~~~~~~~~~^~[m[K
gmake[2]: *** [CMakeFiles/simple_parameter.dir/build.make:76: CMakeFiles/simple_parameter.dir/src/simple_parameter.cpp.o] Error 1
gmake[1]: *** [CMakeFiles/Makefile2:193: CMakeFiles/simple_parameter.dir/all] Error 2
gmake: *** [Makefile:146: all] Error 2
