[0.066s] Invoking command in '/home/farhan/arduinobot_ws/build/arduinobot_cpp_examples': CMAKE_PREFIX_PATH=/opt/ros/humble /usr/bin/cmake --build /home/farhan/arduinobot_ws/build/arduinobot_cpp_examples -- -j4 -l4
[0.226s] -- Found ament_cmake: 1.3.5 (/opt/ros/humble/share/ament_cmake/cmake)
[0.842s] -- Found rclcpp: 16.0.5 (/opt/ros/humble/share/rclcpp/cmake)
[0.988s] -- Found rosidl_generator_c: 3.1.5 (/opt/ros/humble/share/rosidl_generator_c/cmake)
[0.995s] -- Found rosidl_adapter: 3.1.5 (/opt/ros/humble/share/rosidl_adapter/cmake)
[1.017s] -- Found rosidl_generator_cpp: 3.1.5 (/opt/ros/humble/share/rosidl_generator_cpp/cmake)
[1.059s] -- Using all available rosidl_typesupport_c: rosidl_typesupport_fastrtps_c;rosidl_typesupport_introspection_c
[1.121s] -- Using all available rosidl_typesupport_cpp: rosidl_typesupport_fastrtps_cpp;rosidl_typesupport_introspection_cpp
[1.337s] -- Found rmw_implementation_cmake: 6.1.1 (/opt/ros/humble/share/rmw_implementation_cmake/cmake)
[1.353s] -- Found rmw_fastrtps_cpp: 6.2.3 (/opt/ros/humble/share/rmw_fastrtps_cpp/cmake)
[1.752s] -- Using RMW implementation 'rmw_fastrtps_cpp' as default
[2.201s] -- Found ament_lint_auto: 0.12.7 (/opt/ros/humble/share/ament_lint_auto/cmake)
[2.381s] -- Added test 'cppcheck' to perform static code analysis on C / C++ code
[2.382s] -- Configured cppcheck include dirs: 
[2.382s] -- Configured cppcheck exclude dirs and/or files: 
[2.383s] -- Added test 'lint_cmake' to check CMake code style
[2.387s] -- Added test 'uncrustify' to check C / C++ code style
[2.388s] -- Configured uncrustify additional arguments: 
[2.388s] -- Added test 'xmllint' to check XML markup files
[2.390s] -- Configuring done
[2.444s] -- Generating done
[2.452s] -- Build files have been written to: /home/farhan/arduinobot_ws/build/arduinobot_cpp_examples
[2.549s] [35m[1mConsolidate compiler generated dependencies of target simple_publisher[0m
[2.570s] [35m[1mConsolidate compiler generated dependencies of target simple_subscriber[0m
[2.575s] [ 16%] [32mBuilding CXX object CMakeFiles/simple_parameter.dir/src/simple_parameter.cpp.o[0m
[2.600s] [ 50%] Built target simple_publisher
[2.624s] [ 83%] Built target simple_subscriber
[7.315s] [01m[K/home/farhan/arduinobot_ws/src/arduinobot_cpp_examples/src/simple_parameter.cpp:6:28:[m[K [01;31m[Kerror: [m[Kexpected â€˜[01m[K;[m[Kâ€™ before â€˜[01m[Kclass[m[Kâ€™
[7.315s]     6 | using std::placeholders::_1
[7.315s]       |                            [01;31m[K^[m[K
[7.316s]       |                            [32m[K;[m[K
[7.316s]     7 | 
[7.316s]     8 | [32m[Kclass[m[K SimpleParameter : public rclcpp::Node
[7.316s]       | [32m[K~~~~~[m[K                       
[7.350s] In file included from [01m[K/opt/ros/humble/include/rclcpp/rclcpp/client.hpp:40[m[K,
[7.350s]                  from [01m[K/opt/ros/humble/include/rclcpp/rclcpp/callback_group.hpp:24[m[K,
[7.350s]                  from [01m[K/opt/ros/humble/include/rclcpp/rclcpp/any_executable.hpp:20[m[K,
[7.351s]                  from [01m[K/opt/ros/humble/include/rclcpp/rclcpp/memory_strategy.hpp:25[m[K,
[7.351s]                  from [01m[K/opt/ros/humble/include/rclcpp/rclcpp/memory_strategies.hpp:18[m[K,
[7.351s]                  from [01m[K/opt/ros/humble/include/rclcpp/rclcpp/executor_options.hpp:20[m[K,
[7.351s]                  from [01m[K/opt/ros/humble/include/rclcpp/rclcpp/executor.hpp:37[m[K,
[7.351s]                  from [01m[K/opt/ros/humble/include/rclcpp/rclcpp/executors/multi_threaded_executor.hpp:25[m[K,
[7.352s]                  from [01m[K/opt/ros/humble/include/rclcpp/rclcpp/executors.hpp:21[m[K,
[7.352s]                  from [01m[K/opt/ros/humble/include/rclcpp/rclcpp/rclcpp.hpp:155[m[K,
[7.352s]                  from [01m[K/home/farhan/arduinobot_ws/src/arduinobot_cpp_examples/src/simple_parameter.cpp:1[m[K:
[7.353s] [01m[K/home/farhan/arduinobot_ws/src/arduinobot_cpp_examples/src/simple_parameter.cpp:[m[K In member function â€˜[01m[Krcl_interfaces::msg::SetParametersResult SimpleParameter::paramChangeCallback(const std::vector<rclcpp::Parameter>&)[m[Kâ€™:
[7.353s] [01m[K/home/farhan/arduinobot_ws/src/arduinobot_cpp_examples/src/simple_parameter.cpp:29:104:[m[K [01;31m[Kerror: [m[Kâ€˜[01m[Kparam_as_int[m[Kâ€™ was not declared in this scope
[7.353s]    29 |                     RCLCPP_INFO_STREAM(get_logger(), "Param simple_int_param changed! New value is "<< [01;31m[Kparam_as_int[m[K());
[7.353s]       |                                                                                                        [01;31m[K^~~~~~~~~~~~[m[K
[7.367s] [01m[K/home/farhan/arduinobot_ws/src/arduinobot_cpp_examples/src/simple_parameter.cpp:34:106:[m[K [01;31m[Kerror: [m[Kâ€˜[01m[Kparam_as_string[m[Kâ€™ was not declared in this scope
[7.367s]    34 |                     RCLCPP_INFO_STREAM(get_logger(), "Param simple_string_param changed! New value is "<<[01;31m[Kparam_as_string[m[K());
[7.367s]       |                                                                                                          [01;31m[K^~~~~~~~~~~~~~~[m[K
[7.376s] [01m[K/home/farhan/arduinobot_ws/src/arduinobot_cpp_examples/src/simple_parameter.cpp:[m[K In function â€˜[01m[Kint main(int, char**)[m[Kâ€™:
[7.376s] [01m[K/home/farhan/arduinobot_ws/src/arduinobot_cpp_examples/src/simple_parameter.cpp:46:34:[m[K [01;31m[Kerror: [m[Kâ€˜[01m[KSimpleParameters[m[Kâ€™ was not declared in this scope; did you mean â€˜[01m[KSimpleParameter[m[Kâ€™?
[7.376s]    46 |     auto node = std::make_shared<[01;31m[KSimpleParameters[m[K>();
[7.377s]       |                                  [01;31m[K^~~~~~~~~~~~~~~~[m[K
[7.377s]       |                                  [32m[KSimpleParameter[m[K
[7.377s] [01m[K/home/farhan/arduinobot_ws/src/arduinobot_cpp_examples/src/simple_parameter.cpp:46:51:[m[K [01;31m[Kerror: [m[Kno matching function for call to â€˜[01m[Kmake_shared<<expression error> >()[m[Kâ€™
[7.377s]    46 |     auto node = [01;31m[Kstd::make_shared<SimpleParameters>()[m[K;
[7.377s]       |                 [01;31m[K~~~~~~~~~~~~~~~~~~~~~~~~~~~~~~~~~~^~[m[K
[7.379s] In file included from [01m[K/usr/include/c++/11/memory:77[m[K,
[7.380s]                  from [01m[K/opt/ros/humble/include/rclcpp/rclcpp/rclcpp.hpp:153[m[K,
[7.380s]                  from [01m[K/home/farhan/arduinobot_ws/src/arduinobot_cpp_examples/src/simple_parameter.cpp:1[m[K:
[7.380s] [01m[K/usr/include/c++/11/bits/shared_ptr.h:875:5:[m[K [01;36m[Knote: [m[Kcandidate: â€˜[01m[Ktemplate<class _Tp, class ... _Args> std::shared_ptr<_Tp> std::make_shared(_Args&& ...)[m[Kâ€™
[7.380s]   875 |     [01;36m[Kmake_shared[m[K(_Args&&... __args)
[7.380s]       |     [01;36m[K^~~~~~~~~~~[m[K
[7.380s] [01m[K/usr/include/c++/11/bits/shared_ptr.h:875:5:[m[K [01;36m[Knote: [m[K  template argument deduction/substitution failed:
[7.380s] [01m[K/home/farhan/arduinobot_ws/src/arduinobot_cpp_examples/src/simple_parameter.cpp:46:51:[m[K [01;31m[Kerror: [m[Ktemplate argument 1 is invalid
[7.381s]    46 |     auto node = [01;31m[Kstd::make_shared<SimpleParameters>()[m[K;
[7.381s]       |                 [01;31m[K~~~~~~~~~~~~~~~~~~~~~~~~~~~~~~~~~~^~[m[K
[8.225s] gmake[2]: *** [CMakeFiles/simple_parameter.dir/build.make:76: CMakeFiles/simple_parameter.dir/src/simple_parameter.cpp.o] Error 1
[8.225s] gmake[1]: *** [CMakeFiles/Makefile2:193: CMakeFiles/simple_parameter.dir/all] Error 2
[8.225s] gmake: *** [Makefile:146: all] Error 2
[8.232s] Invoked command in '/home/farhan/arduinobot_ws/build/arduinobot_cpp_examples' returned '2': CMAKE_PREFIX_PATH=/opt/ros/humble /usr/bin/cmake --build /home/farhan/arduinobot_ws/build/arduinobot_cpp_examples -- -j4 -l4
